-------------------------------------------------------------------------------
Test set: hello.HelloControllerTest
-------------------------------------------------------------------------------
Tests run: 1, Failures: 0, Errors: 1, Skipped: 0, Time elapsed: 0.162 s <<< FAILURE! - in hello.HelloControllerTest
initializationError(hello.HelloControllerTest)  Time elapsed: 0.004 s  <<< ERROR!
java.lang.Exception: No runnable methods

